<?xml version="1.0" encoding="UTF-8"?>
<testng-results skipped="0" failed="0" total="3" passed="3">
  <reporter-output>
  </reporter-output>
  <suite name="Default suite" duration-ms="78" started-at="2015-05-22T16:32:48Z" finished-at="2015-05-22T16:32:49Z">
    <groups>
    </groups>
    <test name="Default test" duration-ms="78" started-at="2015-05-22T16:32:48Z" finished-at="2015-05-22T16:32:49Z">
      <class name="dependencyMethod.DependentMethodClass">
        <test-method status="PASS" signature="OpenBrowser()[pri:0, instance:dependencyMethod.DependentMethodClass@42f30e0a]" name="OpenBrowser" duration-ms="31" started-at="2015-05-22T11:32:48Z" finished-at="2015-05-22T11:32:48Z">
          <reporter-output>
          </reporter-output>
        </test-method> <!-- OpenBrowser -->
        <test-method status="PASS" signature="SignIn()[pri:0, instance:dependencyMethod.DependentMethodClass@42f30e0a]" name="SignIn" duration-ms="0" started-at="2015-05-22T11:32:48Z" depends-on-methods="dependencyMethod.DependentMethodClass.OpenBrowser" finished-at="2015-05-22T11:32:48Z">
          <reporter-output>
          </reporter-output>
        </test-method> <!-- SignIn -->
        <test-method status="PASS" signature="LogOut()[pri:0, instance:dependencyMethod.DependentMethodClass@42f30e0a]" name="LogOut" duration-ms="0" started-at="2015-05-22T11:32:49Z" depends-on-methods="dependencyMethod.DependentMethodClass.SignIn" finished-at="2015-05-22T11:32:49Z">
          <reporter-output>
          </reporter-output>
        </test-method> <!-- LogOut -->
      </class> <!-- dependencyMethod.DependentMethodClass -->
    </test> <!-- Default test -->
  </suite> <!-- Default suite -->
</testng-results>
