<?xml version="1.0" encoding="UTF-8"?>
<testng-results skipped="0" failed="0" total="1" passed="1">
  <reporter-output>
  </reporter-output>
  <suite name="Default suite" duration-ms="16424" started-at="2015-04-03T19:01:14Z" finished-at="2015-04-03T19:01:31Z">
    <groups>
    </groups>
    <test name="Default test" duration-ms="16424" started-at="2015-04-03T19:01:14Z" finished-at="2015-04-03T19:01:31Z">
      <class name="org.groupTest.GroupTest">
        <test-method status="PASS" signature="BinarySearch()[pri:0, instance:org.groupTest.GroupTest@5b1d2887]" name="BinarySearch" duration-ms="16354" started-at="2015-04-03T14:01:14Z" finished-at="2015-04-03T14:01:31Z">
          <reporter-output>
          </reporter-output>
        </test-method> <!-- BinarySearch -->
      </class> <!-- org.groupTest.GroupTest -->
    </test> <!-- Default test -->
  </suite> <!-- Default suite -->
</testng-results>
