<?xml version="1.0" encoding="UTF-8"?>
<testng-results skipped="0" failed="0" total="1" passed="1">
  <reporter-output>
  </reporter-output>
  <suite name="Default suite" duration-ms="23629" started-at="2015-08-07T01:38:55Z" finished-at="2015-08-07T01:39:19Z">
    <groups>
    </groups>
    <test name="Default test" duration-ms="23629" started-at="2015-08-07T01:38:55Z" finished-at="2015-08-07T01:39:19Z">
      <class name="testCase.StateFarmTest">
        <test-method status="PASS" signature="setUp()[pri:0, instance:testCase.StateFarmTest@1e0b4072]" name="setUp" is-config="true" duration-ms="15130" started-at="2015-08-06T20:38:55Z" finished-at="2015-08-06T20:39:10Z">
          <reporter-output>
          </reporter-output>
        </test-method> <!-- setUp -->
        <test-method status="PASS" signature="life_Health_LongTermCareQuote()[pri:0, instance:testCase.StateFarmTest@1e0b4072]" name="life_Health_LongTermCareQuote" duration-ms="5049" started-at="2015-08-06T20:39:10Z" finished-at="2015-08-06T20:39:15Z">
          <reporter-output>
          </reporter-output>
        </test-method> <!-- life_Health_LongTermCareQuote -->
        <test-method status="PASS" signature="tearDown()[pri:0, instance:testCase.StateFarmTest@1e0b4072]" name="tearDown" is-config="true" duration-ms="3394" started-at="2015-08-06T20:39:15Z" finished-at="2015-08-06T20:39:19Z">
          <reporter-output>
          </reporter-output>
        </test-method> <!-- tearDown -->
      </class> <!-- testCase.StateFarmTest -->
    </test> <!-- Default test -->
  </suite> <!-- Default suite -->
</testng-results>
