<?xml version="1.0" encoding="UTF-8"?>
<testng-results skipped="0" failed="0" total="1" passed="1">
  <reporter-output>
  </reporter-output>
  <suite name="Default suite" duration-ms="84917" started-at="2015-08-07T15:28:52Z" finished-at="2015-08-07T15:30:16Z">
    <groups>
    </groups>
    <test name="Default test" duration-ms="84917" started-at="2015-08-07T15:28:52Z" finished-at="2015-08-07T15:30:16Z">
      <class name="firefoxProfile.FirefoxProfileStartUpPage">
        <test-method status="PASS" signature="myProfile()[pri:0, instance:firefoxProfile.FirefoxProfileStartUpPage@66133adc]" name="myProfile" duration-ms="84740" started-at="2015-08-07T10:28:52Z" finished-at="2015-08-07T10:30:16Z">
          <reporter-output>
          </reporter-output>
        </test-method> <!-- myProfile -->
      </class> <!-- firefoxProfile.FirefoxProfileStartUpPage -->
    </test> <!-- Default test -->
  </suite> <!-- Default suite -->
</testng-results>
