<?xml version="1.0" encoding="UTF-8"?>
<!-- Generated by org.testng.reporters.JUnitXMLReporter -->
<testsuite hostname="Htan" name="Test" tests="1" failures="0" timestamp="26 Feb 2015 23:47:36 GMT" time="54.343" errors="0">
  <testcase name="@BeforeTest StartBrowser" time="0.0" classname="miscSeleniumFeatures.custom_profile">
    <failure type="org.openqa.selenium.WebDriverException" message="Failed to connect to binary FirefoxBinary(C:\Program Files (x86)\Mozilla Firefox\firefox.exe) on port 7055; process output follows: 
Updating add-on states
1424994406217	addons.xpi-utils	DEBUG	Writing add-ons list
1424994406230	addons.manager	DEBUG	Registering shutdown blocker for XPIProvider
1424994406231	addons.manager	DEBUG	Registering shutdown blocker for LightweightThemeManager
1424994406234	addons.manager	DEBUG	Registering shutdown blocker for OpenH264Provider
1424994406235	addons.manager	DEBUG	Registering shutdown blocker for PluginProvider
1424994408301	DeferredSave.extensions.json	DEBUG	Starting timer
1424994408325	DeferredSave.extensions.json	DEBUG	Starting write
1424994408371	addons.manager	DEBUG	shutdown
1424994408372	addons.manager	DEBUG	Calling shutdown blocker for XPIProvider
1424994408373	addons.xpi	DEBUG	shutdown
1424994408373	addons.xpi-utils	DEBUG	shutdown
1424994408374	addons.manager	DEBUG	Calling shutdown blocker for LightweightThemeManager
1424994408375	addons.manager	DEBUG	Calling shutdown blocker for OpenH264Provider
1424994408377	addons.manager	DEBUG	Calling shutdown blocker for PluginProvider
1424994408803	DeferredSave.extensions.json	DEBUG	Write succeeded
1424994408804	addons.xpi-utils	DEBUG	XPI Database saved, setting schema version preference to 16
1424994408804	addons.xpi	DEBUG	Notifying XPI shutdown observers
1424994408814	addons.manager	DEBUG	Async provider shutdown done
1424994410836	addons.manager	DEBUG	Loaded provider scope for resource://gre/modules/addons/XPIProvider.jsm: [&amp;quot;XPIProvider&amp;quot;]
1424994410840	addons.manager	DEBUG	Loaded provider scope for resource://gre/modules/LightweightThemeManager.jsm: [&amp;quot;LightweightThemeManager&amp;quot;]
1424994410848	addons.xpi	DEBUG	startup
1424994410851	addons.xpi	INFO	Mapping fxdriver@googlecode.com to C:\Users\htan\AppData\Local\Temp\anonymous2998690325631006852webdriver-profile\extensions\fxdriver@googlecode.com
1424994410852	addons.xpi	DEBUG	Ignoring file entry whose name is not a valid add-on ID: C:\Users\htan\AppData\Local\Temp\anonymous2998690325631006852webdriver-profile\extensions\webdriver-staging
1424994410855	addons.xpi	INFO	Mapping {972ce4c6-7e08-4474-a285-3208198ce6fd} to C:\Program Files (x86)\Mozilla Firefox\browser\extensions\{972ce4c6-7e08-4474-a285-3208198ce6fd}
1424994410857	addons.xpi	DEBUG	Skipping unavailable install location app-system-share
1424994410857	addons.xpi	DEBUG	Skipping unavailable install location app-system-local
1424994410858	addons.xpi	DEBUG	checkForChanges
1424994410860	addons.xpi	DEBUG	Loaded add-on state from prefs: {&amp;quot;app-profile&amp;quot;:{&amp;quot;fxdriver@googlecode.com&amp;quot;:{&amp;quot;d&amp;quot;:&amp;quot;C:\\Users\\htan\\AppData\\Local\\Temp\\anonymous2998690325631006852webdriver-profile\\extensions\\fxdriver@googlecode.com&amp;quot;,&amp;quot;e&amp;quot;:false,&amp;quot;v&amp;quot;:&amp;quot;2.41.0&amp;quot;,&amp;quot;st&amp;quot;:1424994404346,&amp;quot;mt&amp;quot;:1424994403907}},&amp;quot;app-global&amp;quot;:{&amp;quot;{972ce4c6-7e08-4474-a285-3208198ce6fd}&amp;quot;:{&amp;quot;d&amp;quot;:&amp;quot;C:\\Program Files (x86)\\Mozilla Firefox\\browser\\extensions\\{972ce4c6-7e08-4474-a285-3208198ce6fd}&amp;quot;,&amp;quot;e&amp;quot;:true,&amp;quot;v&amp;quot;:&amp;quot;35.0.1&amp;quot;,&amp;quot;st&amp;quot;:1424492792673,&amp;quot;mt&amp;quot;:1421999039000}}}
1424994410865	addons.xpi	DEBUG	getModTime: Recursive scan of {972ce4c6-7e08-4474-a285-3208198ce6fd}
1424994410867	addons.xpi	DEBUG	getInstallState changed: false, state: {&amp;quot;app-profile&amp;quot;:{&amp;quot;fxdriver@googlecode.com&amp;quot;:{&amp;quot;d&amp;quot;:&amp;quot;C:\\Users\\htan\\AppData\\Local\\Temp\\anonymous2998690325631006852webdriver-profile\\extensions\\fxdriver@googlecode.com&amp;quot;,&amp;quot;e&amp;quot;:false,&amp;quot;v&amp;quot;:&amp;quot;2.41.0&amp;quot;,&amp;quot;st&amp;quot;:1424994404346,&amp;quot;mt&amp;quot;:1424994403907}},&amp;quot;app-global&amp;quot;:{&amp;quot;{972ce4c6-7e08-4474-a285-3208198ce6fd}&amp;quot;:{&amp;quot;d&amp;quot;:&amp;quot;C:\\Program Files (x86)\\Mozilla Firefox\\browser\\extensions\\{972ce4c6-7e08-4474-a285-3208198ce6fd}&amp;quot;,&amp;quot;e&amp;quot;:true,&amp;quot;v&amp;quot;:&amp;quot;35.0.1&amp;quot;,&amp;quot;st&amp;quot;:1424492792673,&amp;quot;mt&amp;quot;:1421999039000}}}
1424994410872	addons.xpi	DEBUG	No changes found
1424994410881	addons.manager	DEBUG	Registering shutdown blocker for XPIProvider
1424994410883	addons.manager	DEBUG	Registering shutdown blocker for LightweightThemeManager
1424994410887	addons.manager	DEBUG	Registering shutdown blocker for OpenH264Provider
1424994410888	addons.manager	DEBUG	Registering shutdown blocker for PluginProvider
*** Blocklist::_preloadBlocklistFile: blocklist is disabled
1424994413468	addons.manager	DEBUG	Registering shutdown blocker for &amp;lt;unnamed-provider&amp;gt;

Build info: version: &amp;apos;2.41.0&amp;apos;, revision: &amp;apos;3192d8a&amp;apos;, time: &amp;apos;2014-03-27 17:17:32&amp;apos;
System info: host: &amp;apos;Htan&amp;apos;, ip: &amp;apos;192.168.1.76&amp;apos;, os.name: &amp;apos;Windows 8.1&amp;apos;, os.arch: &amp;apos;amd64&amp;apos;, os.version: &amp;apos;6.3&amp;apos;, java.version: &amp;apos;1.8.0_31&amp;apos;
Driver info: driver.version: FirefoxDriver">
      <![CDATA[org.openqa.selenium.WebDriverException: Failed to connect to binary FirefoxBinary(C:\Program Files (x86)\Mozilla Firefox\firefox.exe) on port 7055; process output follows: 
Updating add-on states
1424994406217	addons.xpi-utils	DEBUG	Writing add-ons list
1424994406230	addons.manager	DEBUG	Registering shutdown blocker for XPIProvider
1424994406231	addons.manager	DEBUG	Registering shutdown blocker for LightweightThemeManager
1424994406234	addons.manager	DEBUG	Registering shutdown blocker for OpenH264Provider
1424994406235	addons.manager	DEBUG	Registering shutdown blocker for PluginProvider
1424994408301	DeferredSave.extensions.json	DEBUG	Starting timer
1424994408325	DeferredSave.extensions.json	DEBUG	Starting write
1424994408371	addons.manager	DEBUG	shutdown
1424994408372	addons.manager	DEBUG	Calling shutdown blocker for XPIProvider
1424994408373	addons.xpi	DEBUG	shutdown
1424994408373	addons.xpi-utils	DEBUG	shutdown
1424994408374	addons.manager	DEBUG	Calling shutdown blocker for LightweightThemeManager
1424994408375	addons.manager	DEBUG	Calling shutdown blocker for OpenH264Provider
1424994408377	addons.manager	DEBUG	Calling shutdown blocker for PluginProvider
1424994408803	DeferredSave.extensions.json	DEBUG	Write succeeded
1424994408804	addons.xpi-utils	DEBUG	XPI Database saved, setting schema version preference to 16
1424994408804	addons.xpi	DEBUG	Notifying XPI shutdown observers
1424994408814	addons.manager	DEBUG	Async provider shutdown done
1424994410836	addons.manager	DEBUG	Loaded provider scope for resource://gre/modules/addons/XPIProvider.jsm: ["XPIProvider"]
1424994410840	addons.manager	DEBUG	Loaded provider scope for resource://gre/modules/LightweightThemeManager.jsm: ["LightweightThemeManager"]
1424994410848	addons.xpi	DEBUG	startup
1424994410851	addons.xpi	INFO	Mapping fxdriver@googlecode.com to C:\Users\htan\AppData\Local\Temp\anonymous2998690325631006852webdriver-profile\extensions\fxdriver@googlecode.com
1424994410852	addons.xpi	DEBUG	Ignoring file entry whose name is not a valid add-on ID: C:\Users\htan\AppData\Local\Temp\anonymous2998690325631006852webdriver-profile\extensions\webdriver-staging
1424994410855	addons.xpi	INFO	Mapping {972ce4c6-7e08-4474-a285-3208198ce6fd} to C:\Program Files (x86)\Mozilla Firefox\browser\extensions\{972ce4c6-7e08-4474-a285-3208198ce6fd}
1424994410857	addons.xpi	DEBUG	Skipping unavailable install location app-system-share
1424994410857	addons.xpi	DEBUG	Skipping unavailable install location app-system-local
1424994410858	addons.xpi	DEBUG	checkForChanges
1424994410860	addons.xpi	DEBUG	Loaded add-on state from prefs: {"app-profile":{"fxdriver@googlecode.com":{"d":"C:\\Users\\htan\\AppData\\Local\\Temp\\anonymous2998690325631006852webdriver-profile\\extensions\\fxdriver@googlecode.com","e":false,"v":"2.41.0","st":1424994404346,"mt":1424994403907}},"app-global":{"{972ce4c6-7e08-4474-a285-3208198ce6fd}":{"d":"C:\\Program Files (x86)\\Mozilla Firefox\\browser\\extensions\\{972ce4c6-7e08-4474-a285-3208198ce6fd}","e":true,"v":"35.0.1","st":1424492792673,"mt":1421999039000}}}
1424994410865	addons.xpi	DEBUG	getModTime: Recursive scan of {972ce4c6-7e08-4474-a285-3208198ce6fd}
1424994410867	addons.xpi	DEBUG	getInstallState changed: false, state: {"app-profile":{"fxdriver@googlecode.com":{"d":"C:\\Users\\htan\\AppData\\Local\\Temp\\anonymous2998690325631006852webdriver-profile\\extensions\\fxdriver@googlecode.com","e":false,"v":"2.41.0","st":1424994404346,"mt":1424994403907}},"app-global":{"{972ce4c6-7e08-4474-a285-3208198ce6fd}":{"d":"C:\\Program Files (x86)\\Mozilla Firefox\\browser\\extensions\\{972ce4c6-7e08-4474-a285-3208198ce6fd}","e":true,"v":"35.0.1","st":1424492792673,"mt":1421999039000}}}
1424994410872	addons.xpi	DEBUG	No changes found
1424994410881	addons.manager	DEBUG	Registering shutdown blocker for XPIProvider
1424994410883	addons.manager	DEBUG	Registering shutdown blocker for LightweightThemeManager
1424994410887	addons.manager	DEBUG	Registering shutdown blocker for OpenH264Provider
1424994410888	addons.manager	DEBUG	Registering shutdown blocker for PluginProvider
*** Blocklist::_preloadBlocklistFile: blocklist is disabled
1424994413468	addons.manager	DEBUG	Registering shutdown blocker for <unnamed-provider>

Build info: version: '2.41.0', revision: '3192d8a', time: '2014-03-27 17:17:32'
System info: host: 'Htan', ip: '192.168.1.76', os.name: 'Windows 8.1', os.arch: 'amd64', os.version: '6.3', java.version: '1.8.0_31'
Driver info: driver.version: FirefoxDriver
	at org.openqa.selenium.firefox.internal.NewProfileExtensionConnection.start(NewProfileExtensionConnection.java:130)
	at org.openqa.selenium.firefox.FirefoxDriver.startClient(FirefoxDriver.java:246)
	at org.openqa.selenium.remote.RemoteWebDriver.<init>(RemoteWebDriver.java:114)
	at org.openqa.selenium.firefox.FirefoxDriver.<init>(FirefoxDriver.java:193)
	at org.openqa.selenium.firefox.FirefoxDriver.<init>(FirefoxDriver.java:186)
	at org.openqa.selenium.firefox.FirefoxDriver.<init>(FirefoxDriver.java:182)
	at org.openqa.selenium.firefox.FirefoxDriver.<init>(FirefoxDriver.java:99)
	at miscSeleniumFeatures.custom_profile.StartBrowser(custom_profile.java:20)
Caused by: org.openqa.selenium.firefox.NotConnectedException: Unable to connect to host 127.0.0.1 on port 7055 after 45000 ms. Firefox console output:
Updating add-on states
1424994406217	addons.xpi-utils	DEBUG	Writing add-ons list
1424994406230	addons.manager	DEBUG	Registering shutdown blocker for XPIProvider
1424994406231	addons.manager	DEBUG	Registering shutdown blocker for LightweightThemeManager
1424994406234	addons.manager	DEBUG	Registering shutdown blocker for OpenH264Provider
1424994406235	addons.manager	DEBUG	Registering shutdown blocker for PluginProvider
1424994408301	DeferredSave.extensions.json	DEBUG	Starting timer
1424994408325	DeferredSave.extensions.json	DEBUG	Starting write
1424994408371	addons.manager	DEBUG	shutdown
1424994408372	addons.manager	DEBUG	Calling shutdown blocker for XPIProvider
1424994408373	addons.xpi	DEBUG	shutdown
1424994408373	addons.xpi-utils	DEBUG	shutdown
1424994408374	addons.manager	DEBUG	Calling shutdown blocker for LightweightThemeManager
1424994408375	addons.manager	DEBUG	Calling shutdown blocker for OpenH264Provider
1424994408377	addons.manager	DEBUG	Calling shutdown blocker for PluginProvider
1424994408803	DeferredSave.extensions.json	DEBUG	Write succeeded
1424994408804	addons.xpi-utils	DEBUG	XPI Database saved, setting schema version preference to 16
1424994408804	addons.xpi	DEBUG	Notifying XPI shutdown observers
1424994408814	addons.manager	DEBUG	Async provider shutdown done
1424994410836	addons.manager	DEBUG	Loaded provider scope for resource://gre/modules/addons/XPIProvider.jsm: ["XPIProvider"]
1424994410840	addons.manager	DEBUG	Loaded provider scope for resource://gre/modules/LightweightThemeManager.jsm: ["LightweightThemeManager"]
1424994410848	addons.xpi	DEBUG	startup
1424994410851	addons.xpi	INFO	Mapping fxdriver@googlecode.com to C:\Users\htan\AppData\Local\Temp\anonymous2998690325631006852webdriver-profile\extensions\fxdriver@googlecode.com
1424994410852	addons.xpi	DEBUG	Ignoring file entry whose name is not a valid add-on ID: C:\Users\htan\AppData\Local\Temp\anonymous2998690325631006852webdriver-profile\extensions\webdriver-staging
1424994410855	addons.xpi	INFO	Mapping {972ce4c6-7e08-4474-a285-3208198ce6fd} to C:\Program Files (x86)\Mozilla Firefox\browser\extensions\{972ce4c6-7e08-4474-a285-3208198ce6fd}
1424994410857	addons.xpi	DEBUG	Skipping unavailable install location app-system-share
1424994410857	addons.xpi	DEBUG	Skipping unavailable install location app-system-local
1424994410858	addons.xpi	DEBUG	checkForChanges
1424994410860	addons.xpi	DEBUG	Loaded add-on state from prefs: {"app-profile":{"fxdriver@googlecode.com":{"d":"C:\\Users\\htan\\AppData\\Local\\Temp\\anonymous2998690325631006852webdriver-profile\\extensions\\fxdriver@googlecode.com","e":false,"v":"2.41.0","st":1424994404346,"mt":1424994403907}},"app-global":{"{972ce4c6-7e08-4474-a285-3208198ce6fd}":{"d":"C:\\Program Files (x86)\\Mozilla Firefox\\browser\\extensions\\{972ce4c6-7e08-4474-a285-3208198ce6fd}","e":true,"v":"35.0.1","st":1424492792673,"mt":1421999039000}}}
1424994410865	addons.xpi	DEBUG	getModTime: Recursive scan of {972ce4c6-7e08-4474-a285-3208198ce6fd}
1424994410867	addons.xpi	DEBUG	getInstallState changed: false, state: {"app-profile":{"fxdriver@googlecode.com":{"d":"C:\\Users\\htan\\AppData\\Local\\Temp\\anonymous2998690325631006852webdriver-profile\\extensions\\fxdriver@googlecode.com","e":false,"v":"2.41.0","st":1424994404346,"mt":1424994403907}},"app-global":{"{972ce4c6-7e08-4474-a285-3208198ce6fd}":{"d":"C:\\Program Files (x86)\\Mozilla Firefox\\browser\\extensions\\{972ce4c6-7e08-4474-a285-3208198ce6fd}","e":true,"v":"35.0.1","st":1424492792673,"mt":1421999039000}}}
1424994410872	addons.xpi	DEBUG	No changes found
1424994410881	addons.manager	DEBUG	Registering shutdown blocker for XPIProvider
1424994410883	addons.manager	DEBUG	Registering shutdown blocker for LightweightThemeManager
1424994410887	addons.manager	DEBUG	Registering shutdown blocker for OpenH264Provider
1424994410888	addons.manager	DEBUG	Registering shutdown blocker for PluginProvider
*** Blocklist::_preloadBlocklistFile: blocklist is disabled
1424994413468	addons.manager	DEBUG	Registering shutdown blocker for <unnamed-provider>

	at org.openqa.selenium.firefox.internal.NewProfileExtensionConnection.start(NewProfileExtensionConnection.java:118)
	... 29 more
... Removed 22 stack frames]]>
    </failure>
  </testcase> <!-- @BeforeTest StartBrowser -->
  <testcase name="@AfterTest CloseBrowser" time="0.0" classname="miscSeleniumFeatures.custom_profile">
    <skipped/>
  </testcase> <!-- @AfterTest CloseBrowser -->
  <testcase name="OpenURL" time="0.016" classname="miscSeleniumFeatures.custom_profile">
    <skipped/>
  </testcase> <!-- OpenURL -->
</testsuite> <!-- Test -->
