<?xml version="1.0" encoding="UTF-8"?>
<!-- Generated by org.testng.reporters.JUnitXMLReporter -->
<testsuite hostname="Htan" name="Grouping Test" tests="5" failures="0" timestamp="22 May 2015 16:30:28 GMT" time="0.078" errors="0">
  <testcase name="Car1" time="0.031" classname="group.Grouping"/>
  <testcase name="Car2" time="0.0" classname="group.Grouping"/>
  <testcase name="Scooter1" time="0.016" classname="group.Grouping"/>
  <testcase name="Scooter2" time="0.0" classname="group.Grouping"/>
  <testcase name="Sedan1" time="0.0" classname="group.Grouping"/>
</testsuite> <!-- Grouping Test -->
