<?xml version="1.0" encoding="UTF-8"?>
<testng-results skipped="0" failed="0" total="6" passed="6">
  <reporter-output>
  </reporter-output>
  <suite name="Suite" duration-ms="81099" started-at="2015-08-07T00:31:42Z" finished-at="2015-08-07T00:33:03Z">
    <groups>
    </groups>
    <test name="Internet Explorer Test" duration-ms="18253" started-at="2015-08-07T00:31:42Z" finished-at="2015-08-07T00:32:00Z">
      <class name="searial_ParallelTest.Tests">
        <test-method status="PASS" signature="openBrowser(java.lang.String)[pri:0, instance:searial_ParallelTest.Tests@2cfb4a64]" name="openBrowser" is-config="true" duration-ms="5206" started-at="2015-08-06T19:31:42Z" finished-at="2015-08-06T19:31:47Z">
          <params>
            <param index="0">
              <value>
                <![CDATA[IE]]>
              </value>
            </param>
          </params>
          <reporter-output>
          </reporter-output>
        </test-method> <!-- openBrowser -->
        <test-method status="PASS" signature="login_TestCase()[pri:0, instance:searial_ParallelTest.Tests@2cfb4a64]" name="login_TestCase" duration-ms="2778" started-at="2015-08-06T19:31:47Z" finished-at="2015-08-06T19:31:50Z">
          <reporter-output>
          </reporter-output>
        </test-method> <!-- login_TestCase -->
        <test-method status="PASS" signature="search_TestCase()[pri:0, instance:searial_ParallelTest.Tests@2cfb4a64]" name="search_TestCase" duration-ms="4164" started-at="2015-08-06T19:31:50Z" finished-at="2015-08-06T19:31:54Z">
          <reporter-output>
          </reporter-output>
        </test-method> <!-- search_TestCase -->
        <test-method status="PASS" signature="closeBrowser()[pri:0, instance:searial_ParallelTest.Tests@2cfb4a64]" name="closeBrowser" is-config="true" duration-ms="6039" started-at="2015-08-06T19:31:54Z" finished-at="2015-08-06T19:32:00Z">
          <reporter-output>
          </reporter-output>
        </test-method> <!-- closeBrowser -->
      </class> <!-- searial_ParallelTest.Tests -->
    </test> <!-- Internet Explorer Test -->
    <test name="Chrome Test" duration-ms="74089" started-at="2015-08-07T00:31:42Z" finished-at="2015-08-07T00:32:56Z">
      <class name="searial_ParallelTest.Tests">
        <test-method status="PASS" signature="openBrowser(java.lang.String)[pri:0, instance:searial_ParallelTest.Tests@483bf400]" name="openBrowser" is-config="true" duration-ms="6031" started-at="2015-08-06T19:31:42Z" finished-at="2015-08-06T19:31:48Z">
          <params>
            <param index="0">
              <value>
                <![CDATA[chrome]]>
              </value>
            </param>
          </params>
          <reporter-output>
          </reporter-output>
        </test-method> <!-- openBrowser -->
        <test-method status="PASS" signature="login_TestCase()[pri:0, instance:searial_ParallelTest.Tests@483bf400]" name="login_TestCase" duration-ms="64966" started-at="2015-08-06T19:31:48Z" finished-at="2015-08-06T19:32:53Z">
          <reporter-output>
          </reporter-output>
        </test-method> <!-- login_TestCase -->
        <test-method status="PASS" signature="search_TestCase()[pri:0, instance:searial_ParallelTest.Tests@483bf400]" name="search_TestCase" duration-ms="831" started-at="2015-08-06T19:32:53Z" finished-at="2015-08-06T19:32:54Z">
          <reporter-output>
          </reporter-output>
        </test-method> <!-- search_TestCase -->
        <test-method status="PASS" signature="closeBrowser()[pri:0, instance:searial_ParallelTest.Tests@483bf400]" name="closeBrowser" is-config="true" duration-ms="2249" started-at="2015-08-06T19:32:54Z" finished-at="2015-08-06T19:32:56Z">
          <reporter-output>
          </reporter-output>
        </test-method> <!-- closeBrowser -->
      </class> <!-- searial_ParallelTest.Tests -->
    </test> <!-- Chrome Test -->
    <test name="Firefox Test" duration-ms="81099" started-at="2015-08-07T00:31:42Z" finished-at="2015-08-07T00:33:03Z">
      <class name="searial_ParallelTest.Tests">
        <test-method status="PASS" signature="openBrowser(java.lang.String)[pri:0, instance:searial_ParallelTest.Tests@4f4a7090]" name="openBrowser" is-config="true" duration-ms="54408" started-at="2015-08-06T19:31:42Z" finished-at="2015-08-06T19:32:36Z">
          <params>
            <param index="0">
              <value>
                <![CDATA[Firefox]]>
              </value>
            </param>
          </params>
          <reporter-output>
          </reporter-output>
        </test-method> <!-- openBrowser -->
        <test-method status="PASS" signature="login_TestCase()[pri:0, instance:searial_ParallelTest.Tests@4f4a7090]" name="login_TestCase" duration-ms="23383" started-at="2015-08-06T19:32:36Z" finished-at="2015-08-06T19:33:00Z">
          <reporter-output>
          </reporter-output>
        </test-method> <!-- login_TestCase -->
        <test-method status="PASS" signature="search_TestCase()[pri:0, instance:searial_ParallelTest.Tests@4f4a7090]" name="search_TestCase" duration-ms="2356" started-at="2015-08-06T19:33:00Z" finished-at="2015-08-06T19:33:02Z">
          <reporter-output>
          </reporter-output>
        </test-method> <!-- search_TestCase -->
        <test-method status="PASS" signature="closeBrowser()[pri:0, instance:searial_ParallelTest.Tests@4f4a7090]" name="closeBrowser" is-config="true" duration-ms="948" started-at="2015-08-06T19:33:02Z" finished-at="2015-08-06T19:33:03Z">
          <reporter-output>
          </reporter-output>
        </test-method> <!-- closeBrowser -->
      </class> <!-- searial_ParallelTest.Tests -->
    </test> <!-- Firefox Test -->
  </suite> <!-- Suite -->
</testng-results>
