<?xml version="1.0" encoding="UTF-8"?>
<!-- Generated by org.testng.reporters.JUnitXMLReporter -->
<testsuite hostname="Htan" name="sample test" tests="3" failures="0" timestamp="19 Apr 2015 16:49:16 GMT" time="77.326" errors="0">
  <testcase name="verifyHomePage" time="0.661" classname="org.pom.tests.BasePageTest"/>
  <testcase name="verifySignInFunction" time="11.998" classname="org.pom.tests.SignInPageTest"/>
  <testcase name="verifyCreateAnAccounPage" time="6.133" classname="org.pom.tests.CreateAnAccounTest"/>
</testsuite> <!-- sample test -->
