<?xml version="1.0" encoding="UTF-8"?>
<!-- Generated by org.testng.reporters.JUnitXMLReporter -->
<testsuite hostname="Htan" name="Test" tests="1" failures="1" timestamp="15 May 2015 03:53:16 GMT" time="0.094" errors="0">
  <testcase name="test1" time="0.032" classname="module1.ModuleTest1">
    <failure type="java.lang.IllegalAccessException" message="Class org.testng.internal.MethodInvocationHelper can not access a member of class module1.ModuleTest1 with modifiers &amp;quot;public&amp;quot;">
      <![CDATA[java.lang.IllegalAccessException: Class org.testng.internal.MethodInvocationHelper can not access a member of class module1.ModuleTest1 with modifiers "public"
... Removed 24 stack frames]]>
    </failure>
  </testcase> <!-- test1 -->
</testsuite> <!-- Test -->
