<?xml version="1.0" encoding="UTF-8"?>
<testng-results skipped="0" failed="0" total="1" passed="1">
  <reporter-output>
  </reporter-output>
  <suite name="Suite" duration-ms="68" started-at="2015-08-05T19:08:35Z" finished-at="2015-08-05T19:08:35Z">
    <groups>
    </groups>
    <test name="Test" duration-ms="68" started-at="2015-08-05T19:08:35Z" finished-at="2015-08-05T19:08:35Z">
      <class name="jenkinsSelenium.SeleniumJenkins">
        <test-method status="PASS" signature="startTestInJenkins()[pri:0, instance:jenkinsSelenium.SeleniumJenkins@1ef7fe8e]" name="startTestInJenkins" duration-ms="34" started-at="2015-08-05T14:08:35Z" finished-at="2015-08-05T14:08:35Z">
          <reporter-output>
          </reporter-output>
        </test-method> <!-- startTestInJenkins -->
      </class> <!-- jenkinsSelenium.SeleniumJenkins -->
    </test> <!-- Test -->
  </suite> <!-- Suite -->
</testng-results>
