<?xml version="1.0" encoding="UTF-8"?>
<!-- Generated by org.testng.reporters.JUnitXMLReporter -->
<testsuite hostname="Htan" name="Simple Skip Test" tests="4" failures="0" timestamp="17 May 2015 22:33:26 GMT" time="31.147" errors="0">
  <testcase name="LogIn_Test" time="6.282" classname="org.dataProvider.Sample_Login"/>
  <testcase name="LogIn_Test" time="6.051" classname="org.dataProvider.Sample_Login"/>
  <testcase name="LogIn_Test" time="5.063" classname="org.dataProvider.Sample_Login"/>
  <testcase name="LogIn_Test" time="4.982" classname="org.dataProvider.Sample_Login"/>
</testsuite> <!-- Simple Skip Test -->
