<?xml version="1.0" encoding="UTF-8"?>
<!-- Generated by org.testng.reporters.JUnitXMLReporter -->
<testsuite hostname="Htan" name="Test" tests="5" failures="0" timestamp="18 May 2015 02:03:56 GMT" time="0.094" errors="0">
  <testcase name="testAdd" time="0.032" classname="TestNg_dependsonmethod.TestNGSimpleTest"/>
  <testcase name="TestLogin" time="0.0" classname="TestNg_dependsonmethod.TestNgSample"/>
  <testcase name="check1" time="0.015" classname="TestNg_dependsonmethod.TestNgSample"/>
  <testcase name="method1" time="0.0" classname="TestNg_dependsonmethod.TestNgSample"/>
  <testcase name="method2" time="0.0" classname="TestNg_dependsonmethod.TestNgSample">
    <skipped/>
  </testcase> <!-- method2 -->
</testsuite> <!-- Test -->
